d:\desktop\wrathofwartha\wrathofwartha\debug\vc141.pdb
d:\desktop\wrathofwartha\wrathofwartha\debug\vc141.idb
d:\desktop\wrathofwartha\wrathofwartha\debug\game.obj
d:\desktop\wrathofwartha\wrathofwartha\debug\scenenode.obj
d:\desktop\wrathofwartha\wrathofwartha\debug\aircraft.obj
d:\desktop\wrathofwartha\wrathofwartha\debug\entity.obj
d:\desktop\wrathofwartha\wrathofwartha\debug\main.obj
d:\desktop\wrathofwartha\wrathofwartha\debug\wrathofwartha.res
d:\desktop\wrathofwartha\debug\wrathofwartha.pdb
d:\desktop\wrathofwartha\wrathofwartha\debug\wrathofwartha.tlog\cl.command.1.tlog
d:\desktop\wrathofwartha\wrathofwartha\debug\wrathofwartha.tlog\cl.read.1.tlog
d:\desktop\wrathofwartha\wrathofwartha\debug\wrathofwartha.tlog\cl.write.1.tlog
d:\desktop\wrathofwartha\wrathofwartha\debug\wrathofwartha.tlog\link-cvtres.read.1.tlog
d:\desktop\wrathofwartha\wrathofwartha\debug\wrathofwartha.tlog\link-cvtres.write.1.tlog
d:\desktop\wrathofwartha\wrathofwartha\debug\wrathofwartha.tlog\link-rc.read.1.tlog
d:\desktop\wrathofwartha\wrathofwartha\debug\wrathofwartha.tlog\link-rc.write.1.tlog
d:\desktop\wrathofwartha\wrathofwartha\debug\wrathofwartha.tlog\link.12204-cvtres.read.1.tlog
d:\desktop\wrathofwartha\wrathofwartha\debug\wrathofwartha.tlog\link.12204-cvtres.write.1.tlog
d:\desktop\wrathofwartha\wrathofwartha\debug\wrathofwartha.tlog\link.12204-rc.read.1.tlog
d:\desktop\wrathofwartha\wrathofwartha\debug\wrathofwartha.tlog\link.12204-rc.write.1.tlog
d:\desktop\wrathofwartha\wrathofwartha\debug\wrathofwartha.tlog\link.12204.read.1.tlog
d:\desktop\wrathofwartha\wrathofwartha\debug\wrathofwartha.tlog\link.12204.write.1.tlog
d:\desktop\wrathofwartha\wrathofwartha\debug\wrathofwartha.tlog\link.command.1.tlog
d:\desktop\wrathofwartha\wrathofwartha\debug\wrathofwartha.tlog\link.read.1.tlog
d:\desktop\wrathofwartha\wrathofwartha\debug\wrathofwartha.tlog\link.write.1.tlog
d:\desktop\wrathofwartha\wrathofwartha\debug\wrathofwartha.tlog\rc.command.1.tlog
d:\desktop\wrathofwartha\wrathofwartha\debug\wrathofwartha.tlog\rc.read.1.tlog
d:\desktop\wrathofwartha\wrathofwartha\debug\wrathofwartha.tlog\rc.write.1.tlog
